TN:
SF:src\components\PremiumAssistedProfileViewer.tsx
FN:34,PremiumAssistedProfileViewer
FN:56,(anonymous_1)
FN:57,loadProfile
FN:99,(anonymous_3)
FN:119,(anonymous_4)
FN:216,(anonymous_5)
FN:222,(anonymous_6)
FN:226,(anonymous_7)
FN:241,(anonymous_8)
FN:247,(anonymous_9)
FN:256,(anonymous_10)
FN:304,(anonymous_11)
FN:307,(anonymous_12)
FN:395,(anonymous_13)
FN:406,(anonymous_14)
FN:413,(anonymous_15)
FN:424,(anonymous_16)
FN:435,(anonymous_17)
FN:440,(anonymous_18)
FN:460,(anonymous_19)
FN:499,(anonymous_20)
FN:508,(anonymous_21)
FNF:22
FNH:13
FNDA:12,PremiumAssistedProfileViewer
FNDA:4,(anonymous_1)
FNDA:4,loadProfile
FNDA:3,(anonymous_3)
FNDA:1,(anonymous_4)
FNDA:1,(anonymous_5)
FNDA:1,(anonymous_6)
FNDA:0,(anonymous_7)
FNDA:1,(anonymous_8)
FNDA:0,(anonymous_9)
FNDA:0,(anonymous_10)
FNDA:0,(anonymous_11)
FNDA:0,(anonymous_12)
FNDA:1,(anonymous_13)
FNDA:0,(anonymous_14)
FNDA:1,(anonymous_15)
FNDA:0,(anonymous_16)
FNDA:0,(anonymous_17)
FNDA:0,(anonymous_18)
FNDA:10,(anonymous_19)
FNDA:1,(anonymous_20)
FNDA:3,(anonymous_21)
DA:22,1
DA:38,12
DA:39,12
DA:40,12
DA:41,12
DA:44,12
DA:45,12
DA:46,12
DA:49,12
DA:50,12
DA:51,12
DA:52,12
DA:54,12
DA:56,12
DA:58,4
DA:59,4
DA:62,4
DA:63,4
DA:66,4
DA:72,3
DA:73,3
DA:76,3
DA:84,3
DA:96,3
DA:99,3
DA:100,3
DA:103,3
DA:104,3
DA:105,3
DA:106,3
DA:109,0
DA:110,0
DA:111,0
DA:113,3
DA:116,4
DA:119,12
DA:120,1
DA:121,1
DA:122,1
DA:123,1
DA:125,1
DA:126,1
DA:127,0
DA:131,0
DA:135,1
DA:143,1
DA:144,0
DA:145,0
DA:146,0
DA:149,1
DA:150,1
DA:151,0
DA:152,0
DA:155,1
DA:156,1
DA:158,1
DA:160,0
DA:167,0
DA:168,0
DA:172,1
DA:173,0
DA:174,0
DA:178,1
DA:179,1
DA:182,1
DA:188,1
DA:198,1
DA:199,0
DA:200,0
DA:202,1
DA:205,0
DA:206,0
DA:209,0
DA:210,0
DA:212,1
DA:216,12
DA:217,1
DA:219,1
DA:220,1
DA:222,1
DA:223,1
DA:224,1
DA:226,1
DA:227,0
DA:230,1
DA:231,1
DA:238,1
DA:240,1
DA:241,1
DA:243,0
DA:246,0
DA:247,0
DA:255,1
DA:256,1
DA:257,0
DA:262,12
DA:263,4
DA:271,8
DA:275,8
DA:279,8
DA:305,0
DA:307,0
DA:395,1
DA:406,0
DA:413,1
DA:424,0
DA:435,0
DA:440,0
DA:461,10
DA:499,1
DA:508,3
DA:524,1
LF:112
LH:80
BRDA:63,0,0,0
BRDA:63,0,1,4
BRDA:63,1,0,4
BRDA:63,1,1,4
BRDA:72,2,0,0
BRDA:72,2,1,3
BRDA:96,3,0,0
BRDA:96,3,1,3
BRDA:99,4,0,3
BRDA:99,4,1,0
BRDA:100,5,0,3
BRDA:100,5,1,3
BRDA:103,6,0,3
BRDA:103,6,1,0
BRDA:120,7,0,0
BRDA:120,7,1,1
BRDA:123,8,0,1
BRDA:123,8,1,0
BRDA:126,9,0,0
BRDA:126,9,1,1
BRDA:126,10,0,1
BRDA:126,10,1,1
BRDA:139,11,0,1
BRDA:139,11,1,0
BRDA:143,12,0,0
BRDA:143,12,1,1
BRDA:143,13,0,1
BRDA:143,13,1,1
BRDA:150,14,0,0
BRDA:150,14,1,1
BRDA:156,15,0,1
BRDA:156,15,1,0
BRDA:158,16,0,0
BRDA:158,16,1,1
BRDA:167,17,0,0
BRDA:167,17,1,0
BRDA:172,18,0,0
BRDA:172,18,1,1
BRDA:198,19,0,0
BRDA:198,19,1,1
BRDA:205,20,0,0
BRDA:205,20,1,0
BRDA:206,21,0,0
BRDA:206,21,1,0
BRDA:217,22,0,0
BRDA:217,22,1,1
BRDA:217,23,0,1
BRDA:217,23,1,1
BRDA:238,24,0,0
BRDA:238,24,1,1
BRDA:240,25,0,1
BRDA:240,25,1,0
BRDA:240,26,0,1
BRDA:240,26,1,1
BRDA:262,27,0,4
BRDA:262,27,1,8
BRDA:262,28,0,12
BRDA:262,28,1,8
BRDA:271,29,0,8
BRDA:271,29,1,0
BRDA:275,30,0,8
BRDA:275,30,1,0
BRDA:275,31,0,8
BRDA:275,31,1,8
BRDA:295,32,0,8
BRDA:295,32,1,0
BRDA:302,33,0,8
BRDA:302,33,1,0
BRDA:310,34,0,0
BRDA:310,34,1,0
BRDA:320,35,0,0
BRDA:320,35,1,0
BRDA:335,36,0,8
BRDA:335,36,1,0
BRDA:348,37,0,8
BRDA:348,37,1,0
BRDA:357,38,0,8
BRDA:357,38,1,0
BRDA:361,39,0,8
BRDA:361,39,1,0
BRDA:365,40,0,8
BRDA:365,40,1,0
BRDA:370,41,0,8
BRDA:370,41,1,0
BRDA:370,42,0,0
BRDA:370,42,1,8
BRDA:376,43,0,8
BRDA:376,43,1,0
BRDA:376,44,0,0
BRDA:376,44,1,8
BRDA:382,45,0,8
BRDA:382,45,1,0
BRDA:391,46,0,8
BRDA:391,46,1,0
BRDA:402,47,0,7
BRDA:402,47,1,1
BRDA:422,48,0,1
BRDA:422,48,1,0
BRDA:451,49,0,8
BRDA:451,49,1,0
BRDA:465,50,0,1
BRDA:465,50,1,9
BRDA:471,51,0,1
BRDA:471,51,1,9
BRDA:477,52,0,1
BRDA:477,52,1,9
BRDA:485,53,0,8
BRDA:485,53,1,0
BRDA:507,54,0,8
BRDA:507,54,1,1
BRDA:510,55,0,3
BRDA:510,55,1,1
BRDA:510,55,2,2
BRDA:511,56,0,3
BRDA:511,56,1,0
BRF:115
BRH:68
end_of_record
TN:
SF:src\lib\activityStatsApi.ts
FN:22,fetchActivityStats
FNF:1
FNH:1
FNDA:3,fetchActivityStats
DA:23,3
DA:25,3
DA:26,2
DA:27,1
LF:4
LH:4
BRDA:25,0,0,1
BRDA:25,0,1,2
BRDA:26,1,0,1
BRDA:26,1,1,1
BRF:4
BRH:4
end_of_record
TN:
SF:src\lib\conciergeApi.ts
FN:26,fetchConciergeSession
FN:41,sendIntakeMessage
FN:55,submitRawIntakeTranscript
FN:100,fetchAssistedShortlist
FN:142,(anonymous_4)
FN:155,updateShortlistFeedback
FNF:6
FNH:6
FNDA:3,fetchConciergeSession
FNDA:3,sendIntakeMessage
FNDA:2,submitRawIntakeTranscript
FNDA:2,fetchAssistedShortlist
FNDA:1,(anonymous_4)
FNDA:2,updateShortlistFeedback
DA:27,3
DA:28,3
DA:30,2
DA:36,2
DA:37,1
DA:42,3
DA:46,3
DA:47,2
DA:48,1
DA:51,1
DA:56,2
DA:60,2
DA:61,1
DA:101,2
DA:108,2
DA:109,2
DA:111,1
DA:140,1
DA:142,1
DA:156,2
DA:161,2
LF:21
LH:21
BRDA:28,0,0,1
BRDA:28,0,1,2
BRDA:36,1,0,1
BRDA:36,1,1,1
BRDA:46,2,0,1
BRDA:46,2,1,2
BRDA:47,3,0,1
BRDA:47,3,1,1
BRDA:47,4,0,2
BRDA:47,4,1,2
BRDA:60,5,0,1
BRDA:60,5,1,1
BRDA:108,6,0,0
BRDA:108,6,1,2
BRDA:109,7,0,1
BRDA:109,7,1,1
BRDA:140,8,0,0
BRDA:140,8,1,1
BRDA:142,9,0,1
BRDA:142,9,1,0
BRDA:161,10,0,1
BRDA:161,10,1,1
BRF:22
BRH:19
end_of_record
TN:
SF:src\lib\notificationsApi.ts
FN:40,rowToNotification
FN:56,fetchNotifications
FN:75,markNotificationRead
FN:90,markAllNotificationsRead
FN:100,subscribeToNotifications
FN:114,(anonymous_5)
FNF:6
FNH:3
FNDA:1,rowToNotification
FNDA:1,fetchNotifications
FNDA:1,markNotificationRead
FNDA:0,markAllNotificationsRead
FNDA:0,subscribeToNotifications
FNDA:0,(anonymous_5)
DA:41,1
DA:57,1
DA:58,1
DA:60,1
DA:68,1
DA:69,1
DA:76,1
DA:77,1
DA:79,1
DA:84,1
DA:91,0
DA:92,0
DA:94,0
DA:104,0
DA:115,0
LF:15
LH:10
BRDA:47,0,0,1
BRDA:47,0,1,1
BRDA:56,1,0,0
BRDA:58,2,0,0
BRDA:58,2,1,1
BRDA:58,3,0,1
BRDA:58,3,1,1
BRDA:58,4,0,0
BRDA:58,4,1,0
BRDA:68,5,0,0
BRDA:68,5,1,1
BRDA:69,6,0,1
BRDA:69,6,1,0
BRDA:77,7,0,0
BRDA:77,7,1,1
BRDA:77,8,0,1
BRDA:77,8,1,1
BRDA:77,9,0,0
BRDA:77,9,1,0
BRDA:84,10,0,0
BRDA:84,10,1,1
BRDA:92,11,0,0
BRDA:92,11,1,0
BRDA:92,12,0,0
BRDA:92,12,1,0
BRDA:92,13,0,0
BRDA:92,13,1,0
BRF:27
BRH:11
end_of_record
TN:
SF:src\lib\partnerPreferencesApi.ts
FN:19,fetchPartnerPreferences
FN:45,upsertPartnerPreferences
FN:59,fetchFilteredMatches
FNF:3
FNH:2
FNDA:1,fetchPartnerPreferences
FNDA:1,upsertPartnerPreferences
FNDA:0,fetchFilteredMatches
DA:5,1
DA:20,1
DA:21,1
DA:23,1
DA:29,1
DA:30,1
DA:46,1
DA:47,1
DA:49,1
DA:54,1
DA:62,0
DA:63,0
DA:78,0
DA:79,0
LF:14
LH:10
BRDA:21,0,0,0
BRDA:21,0,1,1
BRDA:29,1,0,0
BRDA:29,1,1,1
BRDA:29,2,0,1
BRDA:29,2,1,1
BRDA:31,3,0,1
BRDA:31,3,1,0
BRDA:32,4,0,1
BRDA:32,4,1,0
BRDA:33,5,0,1
BRDA:33,5,1,1
BRDA:34,6,0,1
BRDA:34,6,1,1
BRDA:35,7,0,1
BRDA:35,7,1,1
BRDA:36,8,0,1
BRDA:36,8,1,1
BRDA:37,9,0,1
BRDA:37,9,1,1
BRDA:38,10,0,1
BRDA:38,10,1,1
BRDA:39,11,0,1
BRDA:39,11,1,1
BRDA:40,12,0,1
BRDA:40,12,1,1
BRDA:41,13,0,1
BRDA:41,13,1,1
BRDA:47,14,0,0
BRDA:47,14,1,1
BRDA:54,15,0,0
BRDA:54,15,1,1
BRDA:64,16,0,0
BRDA:64,16,1,0
BRDA:65,17,0,0
BRDA:65,17,1,0
BRDA:66,18,0,0
BRDA:66,18,1,0
BRDA:67,19,0,0
BRDA:67,19,1,0
BRDA:68,20,0,0
BRDA:68,20,1,0
BRDA:69,21,0,0
BRDA:69,21,1,0
BRDA:70,22,0,0
BRDA:70,22,1,0
BRDA:71,23,0,0
BRDA:71,23,1,0
BRDA:72,24,0,0
BRDA:72,24,1,0
BRDA:73,25,0,0
BRDA:73,25,1,0
BRDA:74,26,0,0
BRDA:74,26,1,0
BRDA:75,27,0,0
BRDA:75,27,1,0
BRDA:76,28,0,0
BRDA:76,28,1,0
BRDA:78,29,0,0
BRDA:78,29,1,0
BRF:60
BRH:26
end_of_record
TN:
SF:src\lib\profileViewsApi.ts
FN:19,recordProfileView
FN:32,fetchProfileViewers
FN:45,(anonymous_2)
FN:60,(anonymous_3)
FN:72,(anonymous_4)
FN:76,(anonymous_5)
FN:89,(anonymous_6)
FN:90,(anonymous_7)
FNF:8
FNH:6
FNDA:1,recordProfileView
FNDA:1,fetchProfileViewers
FNDA:1,(anonymous_2)
FNDA:1,(anonymous_3)
FNDA:0,(anonymous_4)
FNDA:1,(anonymous_5)
FNDA:1,(anonymous_6)
FNDA:0,(anonymous_7)
DA:20,1
DA:21,1
DA:23,1
DA:33,1
DA:34,1
DA:37,1
DA:42,1
DA:43,1
DA:45,1
DA:48,1
DA:53,1
DA:54,1
DA:55,1
DA:56,0
DA:60,1
DA:61,1
DA:64,1
DA:69,1
DA:71,1
DA:72,0
DA:75,1
DA:77,1
DA:78,1
DA:79,0
DA:89,1
DA:90,0
LF:26
LH:22
BRDA:21,0,0,0
BRDA:21,0,1,1
BRDA:21,1,0,1
BRDA:21,1,1,1
BRDA:34,2,0,0
BRDA:34,2,1,1
BRDA:34,3,0,1
BRDA:34,3,1,1
BRDA:34,4,0,0
BRDA:34,4,1,0
BRDA:42,5,0,0
BRDA:42,5,1,1
BRDA:43,6,0,0
BRDA:43,6,1,1
BRDA:43,7,0,1
BRDA:43,7,1,1
BRDA:54,8,0,1
BRDA:54,8,1,0
BRDA:56,9,0,0
BRDA:56,9,1,0
BRDA:61,10,0,0
BRDA:61,10,1,1
BRDA:69,11,0,0
BRDA:69,11,1,1
BRDA:72,12,0,1
BRDA:72,12,1,0
BRDA:78,13,0,1
BRDA:78,13,1,0
BRDA:83,14,0,0
BRDA:83,14,1,0
BRDA:85,15,0,0
BRDA:85,15,1,0
BRF:32
BRH:15
end_of_record
TN:
SF:src\lib\shortlistApi.ts
FN:30,fetchShortlist
FN:62,(anonymous_1)
FN:63,(anonymous_2)
FN:72,fetchShortlistedIds
FN:104,saveToShortlist
FN:116,removeFromShortlist
FN:129,toggleShortlist
FN:143,shortlistToCandidate
FNF:8
FNH:8
FNDA:2,fetchShortlist
FNDA:1,(anonymous_1)
FNDA:1,(anonymous_2)
FNDA:2,fetchShortlistedIds
FNDA:2,saveToShortlist
FNDA:2,removeFromShortlist
FNDA:2,toggleShortlist
FNDA:1,shortlistToCandidate
DA:31,2
DA:32,2
DA:34,1
DA:47,1
DA:49,1
DA:54,1
DA:55,1
DA:56,1
DA:57,1
DA:61,1
DA:62,1
DA:63,1
DA:73,2
DA:74,2
DA:76,1
DA:77,1
DA:79,1
DA:84,1
DA:85,1
DA:86,1
DA:87,1
DA:91,1
DA:92,1
DA:93,2
DA:94,1
DA:97,1
DA:105,2
DA:106,2
DA:108,2
DA:113,2
DA:117,2
DA:118,2
DA:120,2
DA:126,2
DA:130,2
DA:131,1
DA:132,1
DA:134,1
DA:135,1
DA:144,1
LF:40
LH:40
BRDA:32,0,0,1
BRDA:32,0,1,1
BRDA:32,1,0,2
BRDA:32,1,1,1
BRDA:32,2,0,1
BRDA:32,2,1,0
BRDA:47,3,0,0
BRDA:47,3,1,1
BRDA:55,4,0,1
BRDA:55,4,1,0
BRDA:57,5,0,1
BRDA:57,5,1,0
BRDA:61,6,0,1
BRDA:61,6,1,0
BRDA:62,7,0,1
BRDA:62,7,1,1
BRDA:74,8,0,1
BRDA:74,8,1,1
BRDA:74,9,0,2
BRDA:74,9,1,1
BRDA:74,10,0,1
BRDA:74,10,1,0
BRDA:77,11,0,0
BRDA:77,11,1,1
BRDA:85,12,0,1
BRDA:85,12,1,0
BRDA:87,13,0,1
BRDA:87,13,1,0
BRDA:92,14,0,1
BRDA:92,14,1,0
BRDA:93,15,0,1
BRDA:93,15,1,1
BRDA:106,16,0,0
BRDA:106,16,1,2
BRDA:113,17,0,0
BRDA:113,17,1,2
BRDA:113,18,0,2
BRDA:113,18,1,0
BRDA:118,19,0,0
BRDA:118,19,1,2
BRDA:126,20,0,0
BRDA:126,20,1,2
BRDA:130,21,0,1
BRDA:130,21,1,1
BRDA:152,22,0,1
BRDA:152,22,1,0
BRF:46
BRH:30
end_of_record
TN:
SF:src\lib\voiceIntroApi.ts
FN:11,uploadCurrentUserVoiceIntro
FN:43,resolveAudioExtension
FNF:2
FNH:2
FNDA:1,uploadCurrentUserVoiceIntro
FNDA:1,resolveAudioExtension
DA:3,1
DA:15,1
DA:17,1
DA:18,0
DA:21,1
DA:22,0
DA:25,1
DA:26,1
DA:27,1
DA:28,1
DA:30,1
DA:35,1
DA:36,0
DA:39,1
DA:40,1
DA:44,1
DA:46,1
DA:47,0
DA:50,1
DA:51,0
DA:54,1
DA:55,0
DA:58,1
LF:23
LH:17
BRDA:17,0,0,0
BRDA:17,0,1,1
BRDA:21,1,0,0
BRDA:21,1,1,1
BRDA:31,2,0,1
BRDA:31,2,1,0
BRDA:35,3,0,0
BRDA:35,3,1,1
BRDA:44,4,0,1
BRDA:44,4,1,0
BRDA:46,5,0,0
BRDA:46,5,1,1
BRDA:46,6,0,1
BRDA:46,6,1,1
BRDA:50,7,0,0
BRDA:50,7,1,1
BRDA:54,8,0,0
BRDA:54,8,1,1
BRF:18
BRH:10
end_of_record
TN:
SF:src\screens\ConciergeHubScreen.tsx
FN:31,ConciergeHubScreen
FN:62,(anonymous_1)
FN:66,(anonymous_2)
FN:72,(anonymous_3)
FN:77,(anonymous_4)
FN:99,(anonymous_5)
FN:102,triggerShortlistGeneration
FN:122,(anonymous_7)
FN:143,loadSession
FN:169,loadShortlist
FN:181,(anonymous_10)
FN:182,(anonymous_11)
FN:183,(anonymous_12)
FN:191,(anonymous_13)
FN:192,(anonymous_14)
FN:199,(anonymous_15)
FN:200,(anonymous_16)
FN:205,(anonymous_17)
FN:220,(anonymous_18)
FN:225,(anonymous_19)
FN:226,(anonymous_20)
FN:233,(anonymous_21)
FN:253,(anonymous_22)
FN:267,(anonymous_23)
FN:284,(anonymous_24)
FN:327,(anonymous_25)
FN:408,(anonymous_26)
FN:422,dateToAge
FN:501,(anonymous_28)
FN:530,(anonymous_29)
FN:624,(anonymous_30)
FN:680,(anonymous_31)
FN:731,(anonymous_32)
FN:738,(anonymous_33)
FN:786,(anonymous_34)
FN:792,(anonymous_35)
FN:803,(anonymous_36)
FNF:37
FNH:25
FNDA:26,ConciergeHubScreen
FNDA:6,(anonymous_1)
FNDA:13,(anonymous_2)
FNDA:12,(anonymous_3)
FNDA:0,(anonymous_4)
FNDA:0,(anonymous_5)
FNDA:3,triggerShortlistGeneration
FNDA:6,(anonymous_7)
FNDA:6,loadSession
FNDA:2,loadShortlist
FNDA:1,(anonymous_10)
FNDA:1,(anonymous_11)
FNDA:1,(anonymous_12)
FNDA:0,(anonymous_13)
FNDA:0,(anonymous_14)
FNDA:8,(anonymous_15)
FNDA:7,(anonymous_16)
FNDA:4,(anonymous_17)
FNDA:4,(anonymous_18)
FNDA:3,(anonymous_19)
FNDA:3,(anonymous_20)
FNDA:8,(anonymous_21)
FNDA:0,(anonymous_22)
FNDA:0,(anonymous_23)
FNDA:33,(anonymous_24)
FNDA:33,(anonymous_25)
FNDA:9,(anonymous_26)
FNDA:3,dateToAge
FNDA:0,(anonymous_28)
FNDA:0,(anonymous_29)
FNDA:0,(anonymous_30)
FNDA:0,(anonymous_31)
FNDA:3,(anonymous_32)
FNDA:1,(anonymous_33)
FNDA:0,(anonymous_34)
FNDA:1,(anonymous_35)
FNDA:0,(anonymous_36)
DA:21,1
DA:22,1
DA:24,1
DA:44,26
DA:46,26
DA:47,26
DA:48,26
DA:49,26
DA:50,26
DA:51,26
DA:52,26
DA:53,26
DA:54,26
DA:55,26
DA:56,26
DA:57,26
DA:59,26
DA:60,26
DA:62,26
DA:63,6
DA:66,26
DA:67,13
DA:68,3
DA:72,26
DA:73,12
DA:74,12
DA:77,0
DA:78,0
DA:79,0
DA:80,0
DA:81,0
DA:87,0
DA:88,0
DA:89,0
DA:90,0
DA:95,0
DA:99,0
DA:103,3
DA:104,3
DA:105,3
DA:106,3
DA:108,3
DA:109,3
DA:110,3
DA:111,3
DA:112,0
DA:116,0
DA:118,3
DA:122,26
DA:123,6
DA:124,0
DA:139,6
DA:144,6
DA:145,6
DA:146,6
DA:147,5
DA:149,5
DA:150,2
DA:151,3
DA:152,2
DA:153,2
DA:159,2
DA:163,0
DA:165,5
DA:170,2
DA:171,2
DA:172,2
DA:173,2
DA:175,0
DA:177,2
DA:181,26
DA:182,1
DA:183,1
DA:184,1
DA:187,1
DA:188,1
DA:190,0
DA:191,0
DA:192,0
DA:193,0
DA:199,26
DA:200,8
DA:201,7
DA:205,26
DA:206,4
DA:208,4
DA:209,4
DA:211,4
DA:212,4
DA:213,4
DA:214,4
DA:216,4
DA:219,4
DA:220,4
DA:221,4
DA:223,4
DA:224,3
DA:225,3
DA:226,3
DA:227,3
DA:228,3
DA:231,1
DA:232,1
DA:233,8
DA:236,1
DA:237,1
DA:238,1
DA:247,1
DA:249,0
DA:252,0
DA:253,0
DA:261,1
DA:262,1
DA:267,26
DA:268,0
DA:269,0
DA:272,26
DA:273,6
DA:281,20
DA:283,20
DA:284,33
DA:285,9
DA:287,9
DA:328,33
DA:408,9
DA:423,3
DA:424,3
DA:425,3
DA:426,3
DA:429,11
DA:430,0
DA:463,11
DA:464,0
DA:502,0
DA:503,0
DA:504,0
DA:505,0
DA:506,0
DA:511,0
DA:513,0
DA:515,0
DA:527,11
DA:529,0
DA:530,0
DA:531,0
DA:532,0
DA:533,0
DA:535,0
DA:541,0
DA:542,0
DA:543,0
DA:547,0
DA:554,0
DA:559,0
DA:625,0
DA:626,0
DA:627,0
DA:628,0
DA:629,0
DA:630,0
DA:635,0
DA:637,0
DA:639,0
DA:651,11
DA:652,0
DA:681,0
DA:682,0
DA:683,0
DA:684,0
DA:685,0
DA:690,0
DA:692,0
DA:694,0
DA:706,11
DA:707,3
DA:732,3
DA:733,3
DA:734,3
DA:736,3
DA:738,1
DA:786,0
DA:792,1
DA:803,0
DA:819,8
DA:880,1
LF:185
LH:118
BRDA:36,0,0,26
BRDA:44,1,0,26
BRDA:44,1,1,0
BRDA:67,2,0,3
BRDA:67,2,1,10
BRDA:67,3,0,13
BRDA:67,3,1,7
BRDA:67,3,2,3
BRDA:73,4,0,12
BRDA:73,4,1,0
BRDA:80,5,0,0
BRDA:80,5,1,0
BRDA:87,6,0,0
BRDA:87,6,1,0
BRDA:89,7,0,0
BRDA:89,7,1,0
BRDA:106,8,0,0
BRDA:106,8,1,3
BRDA:108,9,0,3
BRDA:108,9,1,0
BRDA:108,10,0,3
BRDA:108,10,1,3
BRDA:111,11,0,0
BRDA:111,11,1,3
BRDA:111,12,0,3
BRDA:111,12,1,3
BRDA:123,13,0,0
BRDA:123,13,1,6
BRDA:149,14,0,2
BRDA:149,14,1,3
BRDA:149,15,0,5
BRDA:149,15,1,5
BRDA:151,16,0,2
BRDA:151,16,1,1
BRDA:151,17,0,3
BRDA:151,17,1,3
BRDA:152,18,0,2
BRDA:152,18,1,0
BRDA:184,19,0,1
BRDA:184,19,1,0
BRDA:193,20,0,0
BRDA:193,20,1,0
BRDA:206,21,0,0
BRDA:206,21,1,4
BRDA:206,22,0,4
BRDA:206,22,1,4
BRDA:206,22,2,4
BRDA:223,23,0,3
BRDA:223,23,1,1
BRDA:233,24,0,4
BRDA:233,24,1,4
BRDA:237,25,0,1
BRDA:237,25,1,0
BRDA:237,26,0,1
BRDA:237,26,1,0
BRDA:240,27,0,1
BRDA:240,27,1,0
BRDA:272,28,0,6
BRDA:272,28,1,20
BRDA:281,29,0,20
BRDA:281,29,1,20
BRDA:283,30,0,9
BRDA:283,30,1,11
BRDA:283,31,0,20
BRDA:283,31,1,9
BRDA:290,32,0,9
BRDA:290,32,1,0
BRDA:305,33,0,9
BRDA:305,33,1,0
BRDA:305,33,2,0
BRDA:332,34,0,12
BRDA:332,34,1,21
BRDA:338,35,0,12
BRDA:338,35,1,21
BRDA:344,36,0,12
BRDA:344,36,1,21
BRDA:353,37,0,9
BRDA:353,37,1,0
BRDA:397,38,0,9
BRDA:397,38,1,0
BRDA:400,39,0,0
BRDA:400,39,1,9
BRDA:402,40,0,9
BRDA:402,40,1,9
BRDA:402,40,2,9
BRDA:407,41,0,9
BRDA:407,41,1,9
BRDA:407,41,2,9
BRDA:407,41,3,4
BRDA:410,42,0,9
BRDA:410,42,1,9
BRDA:410,42,2,9
BRDA:410,42,3,4
BRDA:410,42,4,5
BRDA:411,43,0,9
BRDA:411,43,1,0
BRDA:423,44,0,0
BRDA:423,44,1,3
BRDA:429,45,0,0
BRDA:429,45,1,11
BRDA:463,46,0,0
BRDA:463,46,1,11
BRDA:490,47,0,0
BRDA:490,47,1,0
BRDA:505,48,0,0
BRDA:505,48,1,0
BRDA:527,49,0,0
BRDA:527,49,1,11
BRDA:529,50,0,0
BRDA:529,50,1,0
BRDA:533,51,0,0
BRDA:533,51,1,0
BRDA:541,52,0,0
BRDA:541,52,1,0
BRDA:542,53,0,0
BRDA:542,53,1,0
BRDA:548,54,0,0
BRDA:548,54,1,0
BRDA:549,55,0,0
BRDA:549,55,1,0
BRDA:550,56,0,0
BRDA:550,56,1,0
BRDA:577,57,0,0
BRDA:577,57,1,0
BRDA:582,58,0,0
BRDA:582,58,1,0
BRDA:585,59,0,0
BRDA:585,59,1,0
BRDA:591,60,0,0
BRDA:591,60,1,0
BRDA:597,61,0,0
BRDA:597,61,1,0
BRDA:597,62,0,0
BRDA:597,62,1,0
BRDA:613,63,0,0
BRDA:613,63,1,0
BRDA:629,64,0,0
BRDA:629,64,1,0
BRDA:651,65,0,0
BRDA:651,65,1,11
BRDA:684,66,0,0
BRDA:684,66,1,0
BRDA:706,67,0,3
BRDA:706,67,1,8
BRDA:719,68,0,0
BRDA:719,68,1,3
BRDA:724,69,0,0
BRDA:724,69,1,3
BRDA:733,70,0,0
BRDA:733,70,1,3
BRDA:734,71,0,3
BRDA:734,71,1,0
BRDA:740,72,0,1
BRDA:740,72,1,2
BRDA:740,73,0,3
BRDA:740,73,1,3
BRDA:749,74,0,2
BRDA:749,74,1,0
BRDA:762,75,0,3
BRDA:762,75,1,3
BRDA:765,76,0,3
BRDA:765,76,1,1
BRDA:768,77,0,3
BRDA:768,77,1,1
BRDA:783,78,0,2
BRDA:783,78,1,1
BRDA:801,79,0,1
BRDA:801,79,1,0
BRDA:829,80,0,8
BRDA:829,80,1,0
BRDA:829,81,0,8
BRDA:829,81,1,3
BRDA:833,82,0,8
BRDA:833,82,1,3
BRDA:841,83,0,8
BRDA:841,83,1,0
BRDA:844,84,0,8
BRDA:844,84,1,0
BRDA:847,85,0,3
BRDA:847,85,1,5
BRDA:855,86,0,5
BRDA:855,86,1,5
BRDA:865,87,0,8
BRDA:865,87,1,5
BRDA:865,87,2,3
BRDA:989,88,0,0
BRDA:989,88,1,1
BRF:187
BRH:109
end_of_record
