TN:
SF:src\components\PremiumAssistedProfileViewer.tsx
FN:24,capitalizeName
FN:28,(anonymous_1)
FN:42,PremiumAssistedProfileViewer
FN:70,(anonymous_3)
FN:71,loadProfile
FN:113,(anonymous_5)
FN:133,(anonymous_6)
FN:136,(anonymous_7)
FN:170,(anonymous_8)
FN:175,(anonymous_9)
FN:253,(anonymous_10)
FN:325,(anonymous_11)
FN:409,(anonymous_12)
FN:415,(anonymous_13)
FN:419,(anonymous_14)
FN:434,(anonymous_15)
FN:440,(anonymous_16)
FN:449,(anonymous_17)
FN:497,(anonymous_18)
FN:500,(anonymous_19)
FN:592,(anonymous_20)
FN:603,(anonymous_21)
FN:610,(anonymous_22)
FN:621,(anonymous_23)
FN:632,(anonymous_24)
FN:637,(anonymous_25)
FN:657,(anonymous_26)
FN:696,(anonymous_27)
FN:705,(anonymous_28)
FN:723,(anonymous_29)
FN:770,(anonymous_30)
FN:780,(anonymous_31)
FN:799,(anonymous_32)
FNF:33
FNH:18
FNDA:35,capitalizeName
FNDA:70,(anonymous_1)
FNDA:12,PremiumAssistedProfileViewer
FNDA:4,(anonymous_3)
FNDA:4,loadProfile
FNDA:3,(anonymous_5)
FNDA:8,(anonymous_6)
FNDA:0,(anonymous_7)
FNDA:8,(anonymous_8)
FNDA:1,(anonymous_9)
FNDA:0,(anonymous_10)
FNDA:0,(anonymous_11)
FNDA:1,(anonymous_12)
FNDA:1,(anonymous_13)
FNDA:0,(anonymous_14)
FNDA:1,(anonymous_15)
FNDA:0,(anonymous_16)
FNDA:0,(anonymous_17)
FNDA:0,(anonymous_18)
FNDA:0,(anonymous_19)
FNDA:1,(anonymous_20)
FNDA:0,(anonymous_21)
FNDA:1,(anonymous_22)
FNDA:0,(anonymous_23)
FNDA:0,(anonymous_24)
FNDA:0,(anonymous_25)
FNDA:10,(anonymous_26)
FNDA:1,(anonymous_27)
FNDA:3,(anonymous_28)
FNDA:0,(anonymous_29)
FNDA:3,(anonymous_30)
FNDA:0,(anonymous_31)
FNDA:0,(anonymous_32)
DA:22,1
DA:25,35
DA:26,35
DA:28,70
DA:46,12
DA:47,12
DA:48,12
DA:49,12
DA:52,12
DA:53,12
DA:54,12
DA:57,12
DA:58,12
DA:59,12
DA:60,12
DA:63,12
DA:64,12
DA:65,12
DA:66,12
DA:68,12
DA:70,12
DA:72,4
DA:73,4
DA:76,4
DA:77,4
DA:80,4
DA:86,3
DA:87,3
DA:90,3
DA:98,3
DA:110,3
DA:113,3
DA:114,3
DA:117,3
DA:118,3
DA:119,3
DA:120,3
DA:123,0
DA:124,0
DA:125,0
DA:127,3
DA:130,4
DA:133,12
DA:134,8
DA:135,8
DA:136,1
DA:137,0
DA:145,0
DA:146,0
DA:147,0
DA:148,0
DA:154,0
DA:155,0
DA:156,0
DA:157,0
DA:158,0
DA:159,0
DA:160,0
DA:161,0
DA:162,0
DA:163,0
DA:164,0
DA:165,0
DA:170,8
DA:171,8
DA:175,12
DA:176,1
DA:177,1
DA:178,1
DA:179,1
DA:181,1
DA:182,1
DA:183,1
DA:184,1
DA:187,1
DA:188,1
DA:189,0
DA:190,0
DA:194,0
DA:197,1
DA:198,1
DA:199,0
DA:200,0
DA:201,0
DA:205,1
DA:206,1
DA:212,1
DA:213,1
DA:215,0
DA:222,0
DA:223,0
DA:227,1
DA:228,0
DA:231,1
DA:234,1
DA:243,1
DA:254,0
DA:255,0
DA:257,0
DA:258,0
DA:259,0
DA:260,0
DA:261,0
DA:262,0
DA:267,0
DA:268,0
DA:269,0
DA:270,0
DA:271,0
DA:272,0
DA:277,0
DA:278,0
DA:279,0
DA:280,0
DA:281,0
DA:286,0
DA:293,1
DA:294,1
DA:305,1
DA:306,0
DA:307,0
DA:308,0
DA:309,0
DA:313,1
DA:314,0
DA:315,0
DA:326,0
DA:327,0
DA:329,0
DA:330,0
DA:331,0
DA:332,0
DA:333,0
DA:334,0
DA:339,0
DA:340,0
DA:341,0
DA:342,0
DA:343,0
DA:348,0
DA:349,0
DA:350,0
DA:351,0
DA:352,0
DA:364,1
DA:365,1
DA:366,1
DA:367,1
DA:373,1
DA:382,1
DA:383,1
DA:384,1
DA:385,1
DA:386,1
DA:387,1
DA:389,0
DA:390,0
DA:391,0
DA:393,1
DA:394,0
DA:395,0
DA:398,0
DA:399,0
DA:402,0
DA:403,0
DA:405,1
DA:409,12
DA:410,1
DA:412,1
DA:413,1
DA:415,1
DA:416,1
DA:417,1
DA:419,1
DA:420,0
DA:423,1
DA:424,1
DA:431,1
DA:433,1
DA:434,1
DA:436,0
DA:439,0
DA:440,0
DA:448,1
DA:449,1
DA:450,0
DA:455,12
DA:456,4
DA:464,8
DA:468,8
DA:472,8
DA:498,0
DA:500,0
DA:592,1
DA:603,0
DA:610,1
DA:621,0
DA:632,0
DA:637,0
DA:658,10
DA:696,1
DA:705,3
DA:724,0
DA:725,0
DA:726,0
DA:771,3
DA:781,0
DA:782,0
DA:800,0
DA:801,0
DA:815,1
LF:211
LH:110
BRDA:25,0,0,0
BRDA:25,0,1,35
BRDA:77,1,0,0
BRDA:77,1,1,4
BRDA:77,2,0,4
BRDA:77,2,1,4
BRDA:86,3,0,0
BRDA:86,3,1,3
BRDA:110,4,0,0
BRDA:110,4,1,3
BRDA:113,5,0,3
BRDA:113,5,1,0
BRDA:114,6,0,3
BRDA:114,6,1,3
BRDA:117,7,0,3
BRDA:117,7,1,0
BRDA:135,8,0,1
BRDA:135,8,1,7
BRDA:135,9,0,8
BRDA:135,9,1,1
BRDA:145,10,0,0
BRDA:145,10,1,0
BRDA:145,11,0,0
BRDA:145,11,1,0
BRDA:147,12,0,0
BRDA:147,12,1,0
BRDA:148,13,0,0
BRDA:148,13,1,0
BRDA:149,14,0,0
BRDA:149,14,1,0
BRDA:154,15,0,0
BRDA:154,15,1,0
BRDA:155,16,0,0
BRDA:155,16,1,0
BRDA:158,17,0,0
BRDA:158,17,1,0
BRDA:160,18,0,0
BRDA:160,18,1,0
BRDA:161,19,0,0
BRDA:161,19,1,0
BRDA:163,20,0,0
BRDA:163,20,1,0
BRDA:164,21,0,0
BRDA:164,21,1,0
BRDA:171,22,0,1
BRDA:171,22,1,7
BRDA:176,23,0,0
BRDA:176,23,1,1
BRDA:179,24,0,1
BRDA:179,24,1,0
BRDA:188,25,0,0
BRDA:188,25,1,1
BRDA:188,26,0,1
BRDA:188,26,1,1
BRDA:198,27,0,0
BRDA:198,27,1,1
BRDA:212,28,0,1
BRDA:212,28,1,0
BRDA:219,29,0,0
BRDA:219,29,1,0
BRDA:222,30,0,0
BRDA:222,30,1,0
BRDA:223,31,0,0
BRDA:223,31,1,0
BRDA:227,32,0,0
BRDA:227,32,1,1
BRDA:257,33,0,0
BRDA:257,33,1,0
BRDA:257,34,0,0
BRDA:257,34,1,0
BRDA:259,35,0,0
BRDA:259,35,1,0
BRDA:263,36,0,0
BRDA:263,36,1,0
BRDA:263,37,0,0
BRDA:263,37,1,0
BRDA:267,38,0,0
BRDA:267,38,1,0
BRDA:270,39,0,0
BRDA:270,39,1,0
BRDA:271,40,0,0
BRDA:271,40,1,0
BRDA:271,41,0,0
BRDA:271,41,1,0
BRDA:279,42,0,0
BRDA:279,42,1,0
BRDA:280,43,0,0
BRDA:280,43,1,0
BRDA:282,44,0,0
BRDA:282,44,1,0
BRDA:282,45,0,0
BRDA:282,45,1,0
BRDA:305,46,0,0
BRDA:305,46,1,1
BRDA:313,47,0,0
BRDA:313,47,1,1
BRDA:313,48,0,1
BRDA:313,48,1,0
BRDA:329,49,0,0
BRDA:329,49,1,0
BRDA:329,50,0,0
BRDA:329,50,1,0
BRDA:331,51,0,0
BRDA:331,51,1,0
BRDA:335,52,0,0
BRDA:335,52,1,0
BRDA:335,53,0,0
BRDA:335,53,1,0
BRDA:339,54,0,0
BRDA:339,54,1,0
BRDA:341,55,0,0
BRDA:341,55,1,0
BRDA:342,56,0,0
BRDA:342,56,1,0
BRDA:342,57,0,0
BRDA:342,57,1,0
BRDA:350,58,0,0
BRDA:350,58,1,0
BRDA:351,59,0,0
BRDA:351,59,1,0
BRDA:353,60,0,0
BRDA:353,60,1,0
BRDA:353,61,0,0
BRDA:353,61,1,0
BRDA:364,62,0,1
BRDA:364,62,1,0
BRDA:365,63,0,1
BRDA:365,63,1,0
BRDA:365,64,0,1
BRDA:365,64,1,0
BRDA:366,65,0,1
BRDA:366,65,1,0
BRDA:367,66,0,1
BRDA:367,66,1,1
BRDA:368,67,0,1
BRDA:368,67,1,0
BRDA:382,68,0,1
BRDA:382,68,1,0
BRDA:394,69,0,0
BRDA:394,69,1,0
BRDA:394,70,0,0
BRDA:394,70,1,0
BRDA:394,70,2,0
BRDA:398,71,0,0
BRDA:398,71,1,0
BRDA:399,72,0,0
BRDA:399,72,1,0
BRDA:410,73,0,0
BRDA:410,73,1,1
BRDA:410,74,0,1
BRDA:410,74,1,1
BRDA:431,75,0,0
BRDA:431,75,1,1
BRDA:433,76,0,1
BRDA:433,76,1,0
BRDA:433,77,0,1
BRDA:433,77,1,1
BRDA:455,78,0,4
BRDA:455,78,1,8
BRDA:455,79,0,12
BRDA:455,79,1,8
BRDA:464,80,0,8
BRDA:464,80,1,0
BRDA:468,81,0,8
BRDA:468,81,1,0
BRDA:468,82,0,8
BRDA:468,82,1,8
BRDA:488,83,0,8
BRDA:488,83,1,0
BRDA:495,84,0,8
BRDA:495,84,1,0
BRDA:503,85,0,0
BRDA:503,85,1,0
BRDA:513,86,0,0
BRDA:513,86,1,0
BRDA:528,87,0,8
BRDA:528,87,1,0
BRDA:545,88,0,8
BRDA:545,88,1,0
BRDA:554,89,0,8
BRDA:554,89,1,0
BRDA:558,90,0,8
BRDA:558,90,1,0
BRDA:562,91,0,8
BRDA:562,91,1,0
BRDA:567,92,0,8
BRDA:567,92,1,0
BRDA:567,93,0,0
BRDA:567,93,1,8
BRDA:573,94,0,8
BRDA:573,94,1,0
BRDA:573,95,0,0
BRDA:573,95,1,8
BRDA:579,96,0,8
BRDA:579,96,1,0
BRDA:588,97,0,8
BRDA:588,97,1,0
BRDA:599,98,0,7
BRDA:599,98,1,1
BRDA:619,99,0,1
BRDA:619,99,1,0
BRDA:648,100,0,8
BRDA:648,100,1,0
BRDA:662,101,0,1
BRDA:662,101,1,9
BRDA:668,102,0,1
BRDA:668,102,1,9
BRDA:674,103,0,1
BRDA:674,103,1,9
BRDA:682,104,0,8
BRDA:682,104,1,0
BRDA:704,105,0,8
BRDA:704,105,1,1
BRDA:707,106,0,3
BRDA:707,106,1,1
BRDA:707,106,2,2
BRDA:708,107,0,3
BRDA:708,107,1,0
BRDA:724,108,0,0
BRDA:724,108,1,0
BRDA:724,109,0,0
BRDA:724,109,1,0
BRDA:732,110,0,8
BRDA:732,110,1,7
BRDA:742,111,0,8
BRDA:742,111,1,0
BRDA:754,112,0,8
BRDA:754,112,1,1
BRDA:758,113,0,1
BRDA:758,113,1,0
BRDA:759,114,0,0
BRDA:759,114,1,1
BRDA:790,115,0,8
BRDA:790,115,1,0
BRF:234
BRH:88
end_of_record
TN:
SF:src\lib\activityStatsApi.ts
FN:22,fetchActivityStats
FNF:1
FNH:1
FNDA:3,fetchActivityStats
DA:23,3
DA:25,3
DA:26,2
DA:27,1
LF:4
LH:4
BRDA:25,0,0,1
BRDA:25,0,1,2
BRDA:26,1,0,1
BRDA:26,1,1,1
BRF:4
BRH:4
end_of_record
TN:
SF:src\lib\conciergeApi.ts
FN:26,fetchConciergeSession
FN:41,sendIntakeMessage
FN:55,submitRawIntakeTranscript
FN:100,fetchAssistedShortlist
FN:142,(anonymous_4)
FN:155,updateShortlistFeedback
FNF:6
FNH:6
FNDA:3,fetchConciergeSession
FNDA:3,sendIntakeMessage
FNDA:2,submitRawIntakeTranscript
FNDA:2,fetchAssistedShortlist
FNDA:1,(anonymous_4)
FNDA:2,updateShortlistFeedback
DA:27,3
DA:28,3
DA:30,2
DA:36,2
DA:37,1
DA:42,3
DA:46,3
DA:47,2
DA:48,1
DA:51,1
DA:56,2
DA:60,2
DA:61,1
DA:101,2
DA:108,2
DA:109,2
DA:111,1
DA:140,1
DA:142,1
DA:156,2
DA:161,2
LF:21
LH:21
BRDA:28,0,0,1
BRDA:28,0,1,2
BRDA:36,1,0,1
BRDA:36,1,1,1
BRDA:46,2,0,1
BRDA:46,2,1,2
BRDA:47,3,0,1
BRDA:47,3,1,1
BRDA:47,4,0,2
BRDA:47,4,1,2
BRDA:60,5,0,1
BRDA:60,5,1,1
BRDA:108,6,0,0
BRDA:108,6,1,2
BRDA:109,7,0,1
BRDA:109,7,1,1
BRDA:140,8,0,0
BRDA:140,8,1,1
BRDA:142,9,0,1
BRDA:142,9,1,0
BRDA:161,10,0,1
BRDA:161,10,1,1
BRF:22
BRH:19
end_of_record
TN:
SF:src\lib\notificationsApi.ts
FN:40,rowToNotification
FN:56,fetchNotifications
FN:75,markNotificationRead
FN:90,markAllNotificationsRead
FN:100,subscribeToNotifications
FN:114,(anonymous_5)
FNF:6
FNH:3
FNDA:1,rowToNotification
FNDA:1,fetchNotifications
FNDA:1,markNotificationRead
FNDA:0,markAllNotificationsRead
FNDA:0,subscribeToNotifications
FNDA:0,(anonymous_5)
DA:41,1
DA:57,1
DA:58,1
DA:60,1
DA:68,1
DA:69,1
DA:76,1
DA:77,1
DA:79,1
DA:84,1
DA:91,0
DA:92,0
DA:94,0
DA:104,0
DA:115,0
LF:15
LH:10
BRDA:47,0,0,1
BRDA:47,0,1,1
BRDA:56,1,0,0
BRDA:58,2,0,0
BRDA:58,2,1,1
BRDA:58,3,0,1
BRDA:58,3,1,1
BRDA:58,4,0,0
BRDA:58,4,1,0
BRDA:68,5,0,0
BRDA:68,5,1,1
BRDA:69,6,0,1
BRDA:69,6,1,0
BRDA:77,7,0,0
BRDA:77,7,1,1
BRDA:77,8,0,1
BRDA:77,8,1,1
BRDA:77,9,0,0
BRDA:77,9,1,0
BRDA:84,10,0,0
BRDA:84,10,1,1
BRDA:92,11,0,0
BRDA:92,11,1,0
BRDA:92,12,0,0
BRDA:92,12,1,0
BRDA:92,13,0,0
BRDA:92,13,1,0
BRF:27
BRH:11
end_of_record
TN:
SF:src\lib\partnerPreferencesApi.ts
FN:19,fetchPartnerPreferences
FN:45,upsertPartnerPreferences
FN:59,fetchFilteredMatches
FNF:3
FNH:2
FNDA:1,fetchPartnerPreferences
FNDA:1,upsertPartnerPreferences
FNDA:0,fetchFilteredMatches
DA:5,1
DA:20,1
DA:21,1
DA:23,1
DA:29,1
DA:30,1
DA:46,1
DA:47,1
DA:49,1
DA:54,1
DA:62,0
DA:63,0
DA:78,0
DA:79,0
LF:14
LH:10
BRDA:21,0,0,0
BRDA:21,0,1,1
BRDA:29,1,0,0
BRDA:29,1,1,1
BRDA:29,2,0,1
BRDA:29,2,1,1
BRDA:31,3,0,1
BRDA:31,3,1,0
BRDA:32,4,0,1
BRDA:32,4,1,0
BRDA:33,5,0,1
BRDA:33,5,1,1
BRDA:34,6,0,1
BRDA:34,6,1,1
BRDA:35,7,0,1
BRDA:35,7,1,1
BRDA:36,8,0,1
BRDA:36,8,1,1
BRDA:37,9,0,1
BRDA:37,9,1,1
BRDA:38,10,0,1
BRDA:38,10,1,1
BRDA:39,11,0,1
BRDA:39,11,1,1
BRDA:40,12,0,1
BRDA:40,12,1,1
BRDA:41,13,0,1
BRDA:41,13,1,1
BRDA:47,14,0,0
BRDA:47,14,1,1
BRDA:54,15,0,0
BRDA:54,15,1,1
BRDA:64,16,0,0
BRDA:64,16,1,0
BRDA:65,17,0,0
BRDA:65,17,1,0
BRDA:66,18,0,0
BRDA:66,18,1,0
BRDA:67,19,0,0
BRDA:67,19,1,0
BRDA:68,20,0,0
BRDA:68,20,1,0
BRDA:69,21,0,0
BRDA:69,21,1,0
BRDA:70,22,0,0
BRDA:70,22,1,0
BRDA:71,23,0,0
BRDA:71,23,1,0
BRDA:72,24,0,0
BRDA:72,24,1,0
BRDA:73,25,0,0
BRDA:73,25,1,0
BRDA:74,26,0,0
BRDA:74,26,1,0
BRDA:75,27,0,0
BRDA:75,27,1,0
BRDA:76,28,0,0
BRDA:76,28,1,0
BRDA:78,29,0,0
BRDA:78,29,1,0
BRF:60
BRH:26
end_of_record
TN:
SF:src\lib\profileViewsApi.ts
FN:19,recordProfileView
FN:32,fetchProfileViewers
FN:45,(anonymous_2)
FN:60,(anonymous_3)
FN:72,(anonymous_4)
FN:76,(anonymous_5)
FN:89,(anonymous_6)
FN:90,(anonymous_7)
FNF:8
FNH:6
FNDA:1,recordProfileView
FNDA:1,fetchProfileViewers
FNDA:1,(anonymous_2)
FNDA:1,(anonymous_3)
FNDA:0,(anonymous_4)
FNDA:1,(anonymous_5)
FNDA:1,(anonymous_6)
FNDA:0,(anonymous_7)
DA:20,1
DA:21,1
DA:23,1
DA:33,1
DA:34,1
DA:37,1
DA:42,1
DA:43,1
DA:45,1
DA:48,1
DA:53,1
DA:54,1
DA:55,1
DA:56,0
DA:60,1
DA:61,1
DA:64,1
DA:69,1
DA:71,1
DA:72,0
DA:75,1
DA:77,1
DA:78,1
DA:79,0
DA:89,1
DA:90,0
LF:26
LH:22
BRDA:21,0,0,0
BRDA:21,0,1,1
BRDA:21,1,0,1
BRDA:21,1,1,1
BRDA:34,2,0,0
BRDA:34,2,1,1
BRDA:34,3,0,1
BRDA:34,3,1,1
BRDA:34,4,0,0
BRDA:34,4,1,0
BRDA:42,5,0,0
BRDA:42,5,1,1
BRDA:43,6,0,0
BRDA:43,6,1,1
BRDA:43,7,0,1
BRDA:43,7,1,1
BRDA:54,8,0,1
BRDA:54,8,1,0
BRDA:56,9,0,0
BRDA:56,9,1,0
BRDA:61,10,0,0
BRDA:61,10,1,1
BRDA:69,11,0,0
BRDA:69,11,1,1
BRDA:72,12,0,1
BRDA:72,12,1,0
BRDA:78,13,0,1
BRDA:78,13,1,0
BRDA:83,14,0,0
BRDA:83,14,1,0
BRDA:85,15,0,0
BRDA:85,15,1,0
BRF:32
BRH:15
end_of_record
TN:
SF:src\lib\shortlistApi.ts
FN:30,fetchShortlist
FN:62,(anonymous_1)
FN:63,(anonymous_2)
FN:72,fetchShortlistedIds
FN:104,saveToShortlist
FN:116,removeFromShortlist
FN:129,toggleShortlist
FN:143,shortlistToCandidate
FNF:8
FNH:8
FNDA:2,fetchShortlist
FNDA:1,(anonymous_1)
FNDA:1,(anonymous_2)
FNDA:2,fetchShortlistedIds
FNDA:2,saveToShortlist
FNDA:2,removeFromShortlist
FNDA:2,toggleShortlist
FNDA:1,shortlistToCandidate
DA:31,2
DA:32,2
DA:34,1
DA:47,1
DA:49,1
DA:54,1
DA:55,1
DA:56,1
DA:57,1
DA:61,1
DA:62,1
DA:63,1
DA:73,2
DA:74,2
DA:76,1
DA:77,1
DA:79,1
DA:84,1
DA:85,1
DA:86,1
DA:87,1
DA:91,1
DA:92,1
DA:93,2
DA:94,1
DA:97,1
DA:105,2
DA:106,2
DA:108,2
DA:113,2
DA:117,2
DA:118,2
DA:120,2
DA:126,2
DA:130,2
DA:131,1
DA:132,1
DA:134,1
DA:135,1
DA:144,1
LF:40
LH:40
BRDA:32,0,0,1
BRDA:32,0,1,1
BRDA:32,1,0,2
BRDA:32,1,1,1
BRDA:32,2,0,1
BRDA:32,2,1,0
BRDA:47,3,0,0
BRDA:47,3,1,1
BRDA:55,4,0,1
BRDA:55,4,1,0
BRDA:57,5,0,1
BRDA:57,5,1,0
BRDA:61,6,0,1
BRDA:61,6,1,0
BRDA:62,7,0,1
BRDA:62,7,1,1
BRDA:74,8,0,1
BRDA:74,8,1,1
BRDA:74,9,0,2
BRDA:74,9,1,1
BRDA:74,10,0,1
BRDA:74,10,1,0
BRDA:77,11,0,0
BRDA:77,11,1,1
BRDA:85,12,0,1
BRDA:85,12,1,0
BRDA:87,13,0,1
BRDA:87,13,1,0
BRDA:92,14,0,1
BRDA:92,14,1,0
BRDA:93,15,0,1
BRDA:93,15,1,1
BRDA:106,16,0,0
BRDA:106,16,1,2
BRDA:113,17,0,0
BRDA:113,17,1,2
BRDA:113,18,0,2
BRDA:113,18,1,0
BRDA:118,19,0,0
BRDA:118,19,1,2
BRDA:126,20,0,0
BRDA:126,20,1,2
BRDA:130,21,0,1
BRDA:130,21,1,1
BRDA:152,22,0,1
BRDA:152,22,1,0
BRF:46
BRH:30
end_of_record
TN:
SF:src\lib\voiceIntroApi.ts
FN:11,uploadCurrentUserVoiceIntro
FN:43,resolveAudioExtension
FNF:2
FNH:2
FNDA:1,uploadCurrentUserVoiceIntro
FNDA:1,resolveAudioExtension
DA:3,1
DA:15,1
DA:17,1
DA:18,0
DA:21,1
DA:22,0
DA:25,1
DA:26,1
DA:27,1
DA:28,1
DA:30,1
DA:35,1
DA:36,0
DA:39,1
DA:40,1
DA:44,1
DA:46,1
DA:47,0
DA:50,1
DA:51,0
DA:54,1
DA:55,0
DA:58,1
LF:23
LH:17
BRDA:17,0,0,0
BRDA:17,0,1,1
BRDA:21,1,0,0
BRDA:21,1,1,1
BRDA:31,2,0,1
BRDA:31,2,1,0
BRDA:35,3,0,0
BRDA:35,3,1,1
BRDA:44,4,0,1
BRDA:44,4,1,0
BRDA:46,5,0,0
BRDA:46,5,1,1
BRDA:46,6,0,1
BRDA:46,6,1,1
BRDA:50,7,0,0
BRDA:50,7,1,1
BRDA:54,8,0,0
BRDA:54,8,1,1
BRF:18
BRH:10
end_of_record
TN:
SF:src\screens\ConciergeHubScreen.tsx
FN:31,formatDisplayName
FN:36,ConciergeHubScreen
FN:71,(anonymous_2)
FN:75,(anonymous_3)
FN:81,(anonymous_4)
FN:86,(anonymous_5)
FN:108,(anonymous_6)
FN:111,triggerShortlistGeneration
FN:131,(anonymous_8)
FN:152,loadSession
FN:178,loadShortlist
FN:190,(anonymous_11)
FN:191,(anonymous_12)
FN:192,(anonymous_13)
FN:200,(anonymous_14)
FN:201,(anonymous_15)
FN:208,(anonymous_16)
FN:209,(anonymous_17)
FN:214,(anonymous_18)
FN:229,(anonymous_19)
FN:234,(anonymous_20)
FN:235,(anonymous_21)
FN:242,(anonymous_22)
FN:262,(anonymous_23)
FN:276,(anonymous_24)
FN:293,(anonymous_25)
FN:338,(anonymous_26)
FN:419,(anonymous_27)
FN:433,dateToAge
FN:516,(anonymous_29)
FN:545,(anonymous_30)
FN:641,(anonymous_31)
FN:699,(anonymous_32)
FN:727,(anonymous_33)
FN:762,(anonymous_34)
FN:822,(anonymous_35)
FN:836,(anonymous_36)
FN:843,(anonymous_37)
FN:892,(anonymous_38)
FN:898,(anonymous_39)
FN:909,(anonymous_40)
FN:960,(anonymous_41)
FN:968,(anonymous_42)
FNF:43
FNH:29
FNDA:5,formatDisplayName
FNDA:26,ConciergeHubScreen
FNDA:6,(anonymous_2)
FNDA:13,(anonymous_3)
FNDA:12,(anonymous_4)
FNDA:0,(anonymous_5)
FNDA:0,(anonymous_6)
FNDA:3,triggerShortlistGeneration
FNDA:6,(anonymous_8)
FNDA:6,loadSession
FNDA:2,loadShortlist
FNDA:1,(anonymous_11)
FNDA:1,(anonymous_12)
FNDA:1,(anonymous_13)
FNDA:0,(anonymous_14)
FNDA:0,(anonymous_15)
FNDA:8,(anonymous_16)
FNDA:7,(anonymous_17)
FNDA:4,(anonymous_18)
FNDA:4,(anonymous_19)
FNDA:3,(anonymous_20)
FNDA:3,(anonymous_21)
FNDA:8,(anonymous_22)
FNDA:0,(anonymous_23)
FNDA:0,(anonymous_24)
FNDA:33,(anonymous_25)
FNDA:33,(anonymous_26)
FNDA:9,(anonymous_27)
FNDA:3,dateToAge
FNDA:0,(anonymous_29)
FNDA:0,(anonymous_30)
FNDA:0,(anonymous_31)
FNDA:0,(anonymous_32)
FNDA:3,(anonymous_33)
FNDA:0,(anonymous_34)
FNDA:3,(anonymous_35)
FNDA:3,(anonymous_36)
FNDA:1,(anonymous_37)
FNDA:0,(anonymous_38)
FNDA:1,(anonymous_39)
FNDA:0,(anonymous_40)
FNDA:12,(anonymous_41)
FNDA:0,(anonymous_42)
DA:21,1
DA:22,1
DA:24,1
DA:32,5
DA:33,5
DA:51,26
DA:52,26
DA:54,26
DA:55,26
DA:56,26
DA:57,26
DA:58,26
DA:59,26
DA:60,26
DA:61,26
DA:62,26
DA:63,26
DA:64,26
DA:65,26
DA:66,26
DA:68,26
DA:69,26
DA:71,26
DA:72,6
DA:75,26
DA:76,13
DA:77,3
DA:81,26
DA:82,12
DA:83,12
DA:86,0
DA:87,0
DA:88,0
DA:89,0
DA:90,0
DA:96,0
DA:97,0
DA:98,0
DA:99,0
DA:104,0
DA:108,0
DA:112,3
DA:113,3
DA:114,3
DA:115,3
DA:117,3
DA:118,3
DA:119,3
DA:120,3
DA:121,0
DA:125,0
DA:127,3
DA:131,26
DA:132,6
DA:133,0
DA:148,6
DA:153,6
DA:154,6
DA:155,6
DA:156,5
DA:158,5
DA:159,2
DA:160,3
DA:161,2
DA:162,2
DA:168,2
DA:172,0
DA:174,5
DA:179,2
DA:180,2
DA:181,2
DA:182,2
DA:184,0
DA:186,2
DA:190,26
DA:191,1
DA:192,1
DA:193,1
DA:196,1
DA:197,1
DA:199,0
DA:200,0
DA:201,0
DA:202,0
DA:208,26
DA:209,8
DA:210,7
DA:214,26
DA:215,4
DA:217,4
DA:218,4
DA:220,4
DA:221,4
DA:222,4
DA:223,4
DA:225,4
DA:228,4
DA:229,4
DA:230,4
DA:232,4
DA:233,3
DA:234,3
DA:235,3
DA:236,3
DA:237,3
DA:240,1
DA:241,1
DA:242,8
DA:245,1
DA:246,1
DA:247,1
DA:256,1
DA:258,0
DA:261,0
DA:262,0
DA:270,1
DA:271,1
DA:276,26
DA:277,0
DA:278,0
DA:281,26
DA:282,6
DA:290,20
DA:292,20
DA:293,33
DA:294,9
DA:296,9
DA:339,33
DA:419,9
DA:434,3
DA:435,3
DA:436,3
DA:437,3
DA:440,11
DA:441,0
DA:476,11
DA:477,0
DA:517,0
DA:518,0
DA:519,0
DA:520,0
DA:521,0
DA:526,0
DA:528,0
DA:530,0
DA:542,11
DA:544,0
DA:545,0
DA:546,0
DA:547,0
DA:548,0
DA:550,0
DA:556,0
DA:557,0
DA:558,0
DA:562,0
DA:569,0
DA:574,0
DA:642,0
DA:643,0
DA:644,0
DA:645,0
DA:646,0
DA:647,0
DA:652,0
DA:654,0
DA:656,0
DA:668,11
DA:669,0
DA:700,0
DA:701,0
DA:702,0
DA:703,0
DA:704,0
DA:709,0
DA:711,0
DA:713,0
DA:725,11
DA:727,3
DA:728,3
DA:729,0
DA:762,0
DA:774,3
DA:775,0
DA:812,3
DA:813,0
DA:821,3
DA:822,3
DA:825,3
DA:826,0
DA:834,3
DA:837,3
DA:838,3
DA:839,3
DA:841,3
DA:843,1
DA:892,0
DA:898,1
DA:909,0
DA:923,3
DA:930,3
DA:961,12
DA:964,12
DA:969,0
DA:970,0
DA:972,0
DA:992,8
DA:1053,1
LF:208
LH:133
BRDA:32,0,0,0
BRDA:32,0,1,5
BRDA:41,1,0,26
BRDA:42,2,0,26
BRDA:51,3,0,26
BRDA:51,3,1,0
BRDA:76,4,0,3
BRDA:76,4,1,10
BRDA:76,5,0,13
BRDA:76,5,1,7
BRDA:76,5,2,3
BRDA:82,6,0,12
BRDA:82,6,1,0
BRDA:89,7,0,0
BRDA:89,7,1,0
BRDA:96,8,0,0
BRDA:96,8,1,0
BRDA:98,9,0,0
BRDA:98,9,1,0
BRDA:115,10,0,0
BRDA:115,10,1,3
BRDA:117,11,0,3
BRDA:117,11,1,0
BRDA:117,12,0,3
BRDA:117,12,1,3
BRDA:120,13,0,0
BRDA:120,13,1,3
BRDA:120,14,0,3
BRDA:120,14,1,3
BRDA:132,15,0,0
BRDA:132,15,1,6
BRDA:158,16,0,2
BRDA:158,16,1,3
BRDA:158,17,0,5
BRDA:158,17,1,5
BRDA:160,18,0,2
BRDA:160,18,1,1
BRDA:160,19,0,3
BRDA:160,19,1,3
BRDA:161,20,0,2
BRDA:161,20,1,0
BRDA:193,21,0,1
BRDA:193,21,1,0
BRDA:202,22,0,0
BRDA:202,22,1,0
BRDA:215,23,0,0
BRDA:215,23,1,4
BRDA:215,24,0,4
BRDA:215,24,1,4
BRDA:215,24,2,4
BRDA:232,25,0,3
BRDA:232,25,1,1
BRDA:242,26,0,4
BRDA:242,26,1,4
BRDA:246,27,0,1
BRDA:246,27,1,0
BRDA:246,28,0,1
BRDA:246,28,1,0
BRDA:249,29,0,1
BRDA:249,29,1,0
BRDA:281,30,0,6
BRDA:281,30,1,20
BRDA:290,31,0,20
BRDA:290,31,1,20
BRDA:292,32,0,9
BRDA:292,32,1,11
BRDA:292,33,0,20
BRDA:292,33,1,9
BRDA:299,34,0,9
BRDA:299,34,1,0
BRDA:303,35,0,9
BRDA:303,35,1,9
BRDA:316,36,0,9
BRDA:316,36,1,0
BRDA:316,36,2,0
BRDA:343,37,0,12
BRDA:343,37,1,21
BRDA:349,38,0,12
BRDA:349,38,1,21
BRDA:355,39,0,12
BRDA:355,39,1,21
BRDA:364,40,0,9
BRDA:364,40,1,0
BRDA:408,41,0,9
BRDA:408,41,1,0
BRDA:411,42,0,0
BRDA:411,42,1,9
BRDA:413,43,0,9
BRDA:413,43,1,9
BRDA:413,43,2,9
BRDA:418,44,0,9
BRDA:418,44,1,9
BRDA:418,44,2,9
BRDA:418,44,3,4
BRDA:421,45,0,9
BRDA:421,45,1,9
BRDA:421,45,2,9
BRDA:421,45,3,4
BRDA:421,45,4,5
BRDA:422,46,0,9
BRDA:422,46,1,0
BRDA:434,47,0,0
BRDA:434,47,1,3
BRDA:440,48,0,0
BRDA:440,48,1,11
BRDA:443,49,0,0
BRDA:443,49,1,0
BRDA:476,50,0,0
BRDA:476,50,1,11
BRDA:479,51,0,0
BRDA:479,51,1,0
BRDA:505,52,0,0
BRDA:505,52,1,0
BRDA:520,53,0,0
BRDA:520,53,1,0
BRDA:542,54,0,0
BRDA:542,54,1,11
BRDA:544,55,0,0
BRDA:544,55,1,0
BRDA:548,56,0,0
BRDA:548,56,1,0
BRDA:556,57,0,0
BRDA:556,57,1,0
BRDA:557,58,0,0
BRDA:557,58,1,0
BRDA:563,59,0,0
BRDA:563,59,1,0
BRDA:564,60,0,0
BRDA:564,60,1,0
BRDA:565,61,0,0
BRDA:565,61,1,0
BRDA:576,62,0,0
BRDA:576,62,1,0
BRDA:594,63,0,0
BRDA:594,63,1,0
BRDA:599,64,0,0
BRDA:599,64,1,0
BRDA:602,65,0,0
BRDA:602,65,1,0
BRDA:608,66,0,0
BRDA:608,66,1,0
BRDA:614,67,0,0
BRDA:614,67,1,0
BRDA:614,68,0,0
BRDA:614,68,1,0
BRDA:630,69,0,0
BRDA:630,69,1,0
BRDA:646,70,0,0
BRDA:646,70,1,0
BRDA:668,71,0,0
BRDA:668,71,1,11
BRDA:671,72,0,0
BRDA:671,72,1,0
BRDA:703,73,0,0
BRDA:703,73,1,0
BRDA:725,74,0,3
BRDA:725,74,1,8
BRDA:728,75,0,0
BRDA:728,75,1,3
BRDA:733,76,0,0
BRDA:733,76,1,0
BRDA:737,77,0,0
BRDA:737,77,1,0
BRDA:741,78,0,0
BRDA:741,78,1,0
BRDA:742,79,0,0
BRDA:742,79,1,0
BRDA:748,80,0,0
BRDA:748,80,1,0
BRDA:754,81,0,0
BRDA:754,81,1,0
BRDA:762,82,0,0
BRDA:762,82,1,0
BRDA:774,83,0,0
BRDA:774,83,1,3
BRDA:812,84,0,0
BRDA:812,84,1,3
BRDA:825,85,0,0
BRDA:825,85,1,3
BRDA:838,86,0,0
BRDA:838,86,1,3
BRDA:839,87,0,3
BRDA:839,87,1,0
BRDA:844,88,0,1
BRDA:844,88,1,2
BRDA:844,89,0,3
BRDA:844,89,1,3
BRDA:854,90,0,2
BRDA:854,90,1,0
BRDA:866,91,0,3
BRDA:866,91,1,3
BRDA:869,92,0,3
BRDA:869,92,1,1
BRDA:872,93,0,3
BRDA:872,93,1,1
BRDA:889,94,0,2
BRDA:889,94,1,1
BRDA:907,95,0,1
BRDA:907,95,1,0
BRDA:932,96,0,3
BRDA:932,96,1,3
BRDA:936,97,0,3
BRDA:936,97,1,0
BRDA:937,98,0,0
BRDA:937,98,1,0
BRDA:938,99,0,0
BRDA:938,99,1,0
BRDA:942,100,0,3
BRDA:942,100,1,0
BRDA:943,101,0,0
BRDA:943,101,1,0
BRDA:944,102,0,0
BRDA:944,102,1,0
BRDA:958,103,0,3
BRDA:958,103,1,3
BRDA:961,104,0,3
BRDA:961,104,1,9
BRDA:969,105,0,0
BRDA:969,105,1,0
BRDA:976,106,0,12
BRDA:976,106,1,3
BRDA:979,107,0,12
BRDA:979,107,1,3
BRDA:1002,108,0,8
BRDA:1002,108,1,0
BRDA:1002,109,0,8
BRDA:1002,109,1,3
BRDA:1006,110,0,8
BRDA:1006,110,1,3
BRDA:1014,111,0,8
BRDA:1014,111,1,0
BRDA:1017,112,0,8
BRDA:1017,112,1,0
BRDA:1020,113,0,3
BRDA:1020,113,1,5
BRDA:1028,114,0,5
BRDA:1028,114,1,5
BRDA:1038,115,0,8
BRDA:1038,115,1,5
BRDA:1038,115,2,3
BRDA:1162,116,0,0
BRDA:1162,116,1,1
BRF:242
BRH:127
end_of_record
